2023-12-01 09:20:32.300854+0100  localhost iTerm2[91860]: (CoreFoundation) [com.apple.defaults:User Defaults] found no value for key AllowClipboardAccess in CFPrefsSearchListSource<0x60000304b0f0> (Domain: com.googlecode.iterm2, Container: (null))
2023-12-01 10:42:14.073884+0100  localhost pidinfo[91955]: <pidinfo`-[pidinfo reallyGetProcessInfoForProcessID:flavor:arg:size:reqid:withReply:]> proc_pidinfo flavor=9 pid=98009 arg=0 size=2352 returned 0 with errno 1
2023-12-01 10:42:14.074403+0100  localhost kernel[0]: (Sandbox) Sandbox: Slack Helper (GPU)(51866) deny(1) mach-lookup com.apple.audio.audiohald
2023-12-01 10:42:14.074549+0100  localhost log[8908]: (libxpc.dylib) <libxpc.dylib`_xpc_connection_activate_if_needed> [com.apple.xpc:connection] [0x600000200000] activating connection: mach=true listener=false peer=false name=com.apple.coresymbolicationd
2023-12-01 10:42:14.075174+0100  localhost coresymbolicationd[1258]: (libxpc.dylib) <libxpc.dylib`_xpc_connection_activate_if_needed> [com.apple.xpc:connection] [0x122404660] activating connection: mach=false listener=false peer=true name=com.apple.coresymbolicationd.peer.0x122404660
2023-12-01 10:42:14.077014+0100  localhost log[8908]: (libxpc.dylib) <libxpc.dylib`_xpc_connection_activate_if_needed> [com.apple.xpc:connection] [0x6000002100f0] activating connection: mach=true listener=false peer=false name=com.apple.cfprefsd.daemon
2023-12-01 10:42:14.077076+0100  localhost log[8908]: (libxpc.dylib) <libxpc.dylib`_xpc_connection_activate_if_needed> [com.apple.xpc:connection] [0x6000002101e0] activating connection: mach=true listener=false peer=false name=com.apple.cfprefsd.agent
2023-12-01 10:42:14.077214+0100  localhost cfprefsd[943]: (libxpc.dylib) <libxpc.dylib`_xpc_connection_activate_if_needed> [com.apple.xpc:connection] [0x14a824c70] activating connection: mach=false listener=false peer=true name=com.apple.cfprefsd.agent.peer.0x14a824c70
2023-12-01 10:42:14.077207+0100  localhost cfprefsd[603]: (libxpc.dylib) <libxpc.dylib`_xpc_connection_activate_if_needed> [com.apple.xpc:connection] [0x13c50f0e0] activating connection: mach=false listener=false peer=true name=com.apple.cfprefsd.daemon.peer.0x13c50f0e0
2023-12-01 10:42:14.078277+0100  localhost log[8908]: (libxpc.dylib) <libxpc.dylib`_xpc_connection_activate_if_needed> [com.apple.xpc:connection] [0x6000002000f0] activating connection: mach=true listener=false peer=false name=com.apple.distributed_notifications@Uv3
2023-12-01 10:42:14.078506+0100  localhost distnoted[928]: (libxpc.dylib) <libxpc.dylib`_xpc_connection_activate_if_needed> [com.apple.xpc:connection] [0x123667d90] activating connection: mach=false listener=false peer=true name=com.apple.distributed_notifications@Uv3.peer.0x123667d90
2023-12-01 10:42:14.078597+0100  localhost distnoted[928]: <distnoted> [com.apple.distnoted:diagnostic] register name: com.apple.LaunchServices.ShowAllExtensionsChangedToTrue object: kCFNotificationAnyObject token: 100000000 pid: 8908
2023-12-01 10:42:14.078635+0100  localhost distnoted[928]: <distnoted> [com.apple.distnoted:diagnostic] register name: com.apple.LaunchServices.ShowAllExtensionsChangedToFalse object: kCFNotificationAnyObject token: 200000001 pid: 8908
2023-12-01 10:42:14.079998+0100  localhost log[8908]: (Metadata) <Metadata`_MDQueryCopyParams> [com.apple.metadata:Metadata] Starting query at qos 0x11
2023-12-01 10:42:14.080097+0100  localhost log[8908]: (libxpc.dylib) <libxpc.dylib`_xpc_connection_activate_if_needed> [com.apple.xpc:connection] [0x6000002102d0] activating connection: mach=true listener=false peer=false name=com.apple.metadata.mds
2023-12-01 10:42:14.080179+0100  localhost log[8908]: (libxpc.dylib) <libxpc.dylib`_xpc_connection_activate_if_needed> [com.apple.xpc:connection] [0x14f704e70] activating connection: mach=false listener=true peer=false name=(anonymous)
2023-12-01 10:42:14.080411+0100  localhost mds[564]: <mds> [com.apple.spotlightserver:Server] KEEP!!!!! Client <private>[8908 8908] xpc checking in
2023-12-01 10:42:14.080448+0100  localhost mds[564]: (libxpc.dylib) <libxpc.dylib`_xpc_connection_activate_if_needed> [com.apple.xpc:connection] [0x13ff7a670] activating connection: mach=false listener=false peer=true name=com.apple.metadata.mds.peer.0x13ff7a670
2023-12-01 10:42:14.080586+0100  localhost mds[564]: (TCC) Created Activity ID: 0x143f7a3, Description: TCCAccessRequest() IPC
2023-12-01 10:42:14.080607+0100  localhost mds[564]: (libxpc.dylib) <libxpc.dylib`_xpc_connection_activate_if_needed> [com.apple.xpc:connection] [0x14b9dc870] activating connection: mach=true listener=false peer=false name=com.apple.tccd
2023-12-01 10:42:14.080676+0100  localhost mds[564]: (TCC) <TCC`tccd_send_message> [com.apple.TCC:access] SEND: 0/7 synchronous to com.apple.tccd: request: msgID=564.3715, function=TCCAccessRequest, service=kTCCServiceAddressBook, target_token={pid:8908, auid:501, euid:501},
2023-12-01 10:42:14.080842+0100  localhost tccd[1049]: (libxpc.dylib) <libxpc.dylib`_xpc_connection_activate_if_needed> [com.apple.xpc:connection] [0x12ff75940] activating connection: mach=false listener=false peer=true name=com.apple.tccd.peer.0x12ff75940
